<?xml version="1.0" encoding="UTF-8"?>
<testng-results skipped="0" failed="0" total="1" passed="1">
  <reporter-output>
  </reporter-output>
  <suite name="Default suite" duration-ms="6219" started-at="2023-08-29T17:31:14Z" finished-at="2023-08-29T17:31:20Z">
    <groups>
    </groups>
    <test name="Default test" duration-ms="6219" started-at="2023-08-29T17:31:14Z" finished-at="2023-08-29T17:31:20Z">
      <class name="com.test.AddProductTest">
        <test-method status="PASS" signature="beforeTest()[pri:0, instance:com.test.AddProductTest@7f9a81e8]" name="beforeTest" is-config="true" duration-ms="3764" started-at="2023-08-29T17:31:14Z" finished-at="2023-08-29T17:31:17Z">
          <reporter-output>
          </reporter-output>
        </test-method> <!-- beforeTest -->
        <test-method status="PASS" signature="addProduct_emptyfields()[pri:0, instance:com.test.AddProductTest@7f9a81e8]" name="addProduct_emptyfields" duration-ms="2315" started-at="2023-08-29T17:31:17Z" finished-at="2023-08-29T17:31:20Z">
          <reporter-output>
          </reporter-output>
        </test-method> <!-- addProduct_emptyfields -->
        <test-method status="PASS" signature="afterTest()[pri:0, instance:com.test.AddProductTest@7f9a81e8]" name="afterTest" is-config="true" duration-ms="131" started-at="2023-08-29T17:31:20Z" finished-at="2023-08-29T17:31:20Z">
          <reporter-output>
          </reporter-output>
        </test-method> <!-- afterTest -->
      </class> <!-- com.test.AddProductTest -->
    </test> <!-- Default test -->
  </suite> <!-- Default suite -->
</testng-results>
